[
{'start_addr': 30 },
{'index': 2, 'value': 'H', 'opcode': 'nop'},
{'index': 3, 'value': 'e', 'opcode': 'nop'},
{'index': 4, 'value': 'l', 'opcode': 'nop'},
{'index': 5, 'value': 'l', 'opcode': 'nop'},
{'index': 6, 'value': 'o', 'opcode': 'nop'},
{'index': 7, 'value': ',', 'opcode': 'nop'},
{'index': 8, 'value': ' ', 'opcode': 'nop'},
{'index': 9, 'value': 'W', 'opcode': 'nop'},
{'index': 10, 'value': 'o', 'opcode': 'nop'},
{'index': 11, 'value': 'r', 'opcode': 'nop'},
{'index': 12, 'value': 'l', 'opcode': 'nop'},
{'index': 13, 'value': 'd', 'opcode': 'nop'},
{'index': 14, 'value': '!', 'opcode': 'nop'},
{'index': 15, 'value': 0, 'opcode': 'nop'},
{'index': 16, 'value': 2, 'opcode': 'nop'},
{'index': 17, 'value': 0, 'opcode': 'nop'},
{'index': 18, 'value': 2047, 'opcode': 'nop'},
{'index': 30, 'opcode': 'nop', 'value': 0},
{'index': 31, 'opcode': 'load', 'operand': 16, 'value': 0, 'address': True},
{'index': 32, 'opcode': 'store', 'operand': 18, 'value': 0, 'address': True},
{'index': 33, 'opcode': 'jmz', 'operand': 38, 'value': 0, 'address': False},
{'index': 34, 'opcode': 'load', 'operand': 16, 'value': 0, 'address': False},
{'index': 35, 'opcode': 'inc', 'value': 0},
{'index': 36, 'opcode': 'store', 'operand': 16, 'value': 0, 'address': False},
{'index': 37, 'opcode': 'jmp', 'operand': 31, 'value': 0, 'address': False},
{'index': 38, 'opcode': 'hlt', 'value': 0}]
